<?xml version="1.0" encoding="UTF-8"?>
<testsuites name="R2018x_AllScenarioRun" time="45" tests="1" failures="0" errors="0">
   <testsuite name="R2018x_AllScenarioRun" tests="1" failures="0" errors="0" time="45" timestamp="2018-03-08 15:09:49" hostname="svcQATechno - DELL2070DSY.dsone.3ds.com" id="Test Suites/R2018x/Scenarios Test Suites/R2018x_AllScenarioRun">
      <properties>
         <property name="deviceName" value=""/>
         <property name="devicePlatform" value=""/>
         <property name="logFolder" value="C:\\Users\\svc_QATechno\\.jenkins\\workspace\\TechnoQA_R2018x\\TechnoQA_R420\\Reports\\R2018x\\Scenarios Test Suites\\R2018x_AllScenarioRun\\20180308_150948"/>
         <property name="logFiles" value="C:\\Users\\svc_QATechno\\.jenkins\\workspace\\TechnoQA_R2018x\\TechnoQA_R420\\Reports\\R2018x\\Scenarios Test Suites\\R2018x_AllScenarioRun\\20180308_150948\\execution0.log"/>
         <property name="attachments" value=""/>
         <property name="hostName" value="svcQATechno - DELL2070DSY.dsone.3ds.com"/>
         <property name="os" value="Windows 7 64bit"/>
         <property name="katalonVersion" value="5.3.1.1"/>
         <property name="browser" value="Chrome 64.0.3282.167"/>
         <property name="hostAddress" value="10.237.173.48"/>
         <property name="sessionId" value="70e309176319c2fc7565cc04e3feb959"/>
         <property name="seleniumVersion" value="3.7.1"/>
         <property name="proxyInformation" value="ProxyInformation{proxyOption=NO_PROXY, proxyServerType=HTTP, password=, proxyServerAddress=, proxyServerPort=0}"/>
         <property name="platform" value="Windows 7"/>
      </properties>
      <testcase name="Test Cases/Scenarios/SCN047864 Auto_3DCityCity Referential test" classname="Test Cases/Scenarios/SCN047864 Auto_3DCityCity Referential test" status="PASSED">
         <system-out><![CDATA[2018-03-08 15:09:49 - [TEST_CASE][PASSED] - Test Cases/Scenarios/SCN047864 Auto_3DCityCity Referential test: Test Cases/Scenarios/SCN047864 Auto_3DCityCity Referential test

2018-03-08 15:09:50 - [TEST_STEP][PASSED] - callTestCase: Call Test Case 'Test Cases/NavigateURLR2018x' successfully

2018-03-08 15:09:50 - [TEST_CASE][PASSED] - Test Cases/NavigateURLR2018x: Test Cases/NavigateURLR2018x

2018-03-08 15:09:50 - [TEST_STEP][PASSED] - openBrowser: Browser is opened with url: ''

2018-03-08 15:09:53 - [MESSAGE][PASSED] - Browser is opened with url: ''

2018-03-08 15:09:53 - [TEST_STEP][PASSED] - navigateToUrl: Navigate to 'https://euw1-20swi10301-iam.3dx-staging.3ds.com/cas/login?serverId=FRONT_0&service=https%3A//euw1-20swi10301-ifwe.3dx-staging.3ds.com/' successfully

2018-03-08 15:09:53 - [MESSAGE][PASSED] - Navigate to 'https://euw1-20swi10301-iam.3dx-staging.3ds.com/cas/login?serverId=FRONT_0&service=https%3A//euw1-20swi10301-ifwe.3dx-staging.3ds.com/' successfully

2018-03-08 15:09:53 - [TEST_STEP][PASSED] - maximizeWindow: Current window maximized

2018-03-08 15:09:54 - [MESSAGE][PASSED] - Current window maximized

2018-03-08 15:09:54 - [MESSAGE][PASSED] - Call Test Case 'Test Cases/NavigateURLR2018x' successfully

2018-03-08 15:09:54 - [TEST_STEP][PASSED] - callTestCase: Call Test Case 'Test Cases/LoginToPod' successfully

2018-03-08 15:09:54 - [TEST_CASE][PASSED] - Test Cases/LoginToPod: Test Cases/LoginToPod

2018-03-08 15:09:54 - [TEST_STEP][NOT_RUN] - openBrowser: NOT_RUN: openBrowser

2018-03-08 15:09:54 - [MESSAGE][NOT_RUN] - NOT_RUN: openBrowser

2018-03-08 15:09:54 - [TEST_STEP][NOT_RUN] - navigateToUrl: NOT_RUN: navigateToUrl

2018-03-08 15:09:54 - [MESSAGE][NOT_RUN] - NOT_RUN: navigateToUrl

2018-03-08 15:09:54 - [TEST_STEP][NOT_RUN] - maximizeWindow: NOT_RUN: maximizeWindow

2018-03-08 15:09:54 - [MESSAGE][NOT_RUN] - NOT_RUN: maximizeWindow

2018-03-08 15:09:54 - [TEST_STEP][NOT_RUN] - callTestCase: NOT_RUN: callTestCase

2018-03-08 15:09:54 - [MESSAGE][NOT_RUN] - NOT_RUN: callTestCase

2018-03-08 15:09:54 - [TEST_STEP][PASSED] - setText: Text 'Technoqa' is set on object 'Object Repository/LoginToPod/Page_3DPassport - Login/input_username'

2018-03-08 15:09:54 - [MESSAGE][PASSED] - Text 'Technoqa' is set on object 'Object Repository/LoginToPod/Page_3DPassport - Login/input_username'

2018-03-08 15:09:54 - [TEST_STEP][PASSED] - setText: Text 'Techno2016#' is set on object 'Object Repository/LoginToPod/Page_3DPassport - Login/input_password'

2018-03-08 15:09:55 - [MESSAGE][PASSED] - Text 'Techno2016#' is set on object 'Object Repository/LoginToPod/Page_3DPassport - Login/input_password'

2018-03-08 15:09:55 - [TEST_STEP][PASSED] - verifyElementVisible: Object 'Object Repository/LoginToPod/Page_3DPassport - Login/input_uwa-submit uwa-submit-ro' is visible

2018-03-08 15:09:55 - [MESSAGE][PASSED] - Object 'Object Repository/LoginToPod/Page_3DPassport - Login/input_uwa-submit uwa-submit-ro' is visible

2018-03-08 15:09:55 - [TEST_STEP][PASSED] - click: Object: 'Object Repository/LoginToPod/Page_3DPassport - Login/input_uwa-submit uwa-submit-ro' is clicked on

2018-03-08 15:09:55 - [MESSAGE][PASSED] - Object: 'Object Repository/LoginToPod/Page_3DPassport - Login/input_uwa-submit uwa-submit-ro' is clicked on

2018-03-08 15:09:55 - [TEST_STEP][PASSED] - verifyElementVisible: Object 'Object Repository/LoginToPod/Page_3DPassport - Login/span_3DEXPERIENCE' is visible

2018-03-08 15:09:56 - [MESSAGE][PASSED] - Object 'Object Repository/LoginToPod/Page_3DPassport - Login/span_3DEXPERIENCE' is visible

2018-03-08 15:09:56 - [MESSAGE][PASSED] - Call Test Case 'Test Cases/LoginToPod' successfully

2018-03-08 15:09:56 - [TEST_STEP][PASSED] - callTestCase: Call Test Case 'Test Cases/DashboardFunctions/CreateNewDashboard' successfully

2018-03-08 15:09:56 - [TEST_CASE][PASSED] - Test Cases/DashboardFunctions/CreateNewDashboard: Test Cases/DashboardFunctions/CreateNewDashboard

2018-03-08 15:09:56 - [TEST_STEP][PASSED] - click: Object: 'Object Repository/CreateNewDashboardAndTab/Page_CreateNewDashboard/div_dashboard-actions-holder f' is clicked on

2018-03-08 15:09:57 - [MESSAGE][PASSED] - Object: 'Object Repository/CreateNewDashboardAndTab/Page_CreateNewDashboard/div_dashboard-actions-holder f' is clicked on

2018-03-08 15:09:57 - [TEST_STEP][PASSED] - click: Object: 'Object Repository/CreateNewDashboardAndTab/Page_CreateNewDashboard/span_Add Dashboard...' is clicked on

2018-03-08 15:09:57 - [MESSAGE][PASSED] - Object: 'Object Repository/CreateNewDashboardAndTab/Page_CreateNewDashboard/span_Add Dashboard...' is clicked on

2018-03-08 15:09:57 - [TEST_STEP][PASSED] - setText: Text 'Test JCN9 auto' is set on object 'Object Repository/CreateNewDashboardAndTab/Page_CreateNewDashboard/input_form-control form-contro'

2018-03-08 15:09:57 - [MESSAGE][PASSED] - Text 'Test JCN9 auto' is set on object 'Object Repository/CreateNewDashboardAndTab/Page_CreateNewDashboard/input_form-control form-contro'

2018-03-08 15:09:57 - [TEST_STEP][PASSED] - click: Object: 'Object Repository/CreateNewDashboardAndTab/Page_CreateNewDashboard/button_Create' is clicked on

2018-03-08 15:09:57 - [MESSAGE][PASSED] - Object: 'Object Repository/CreateNewDashboardAndTab/Page_CreateNewDashboard/button_Create' is clicked on

2018-03-08 15:09:57 - [TEST_STEP][PASSED] - waitForPageLoad: Wait for page load successfully

2018-03-08 15:09:57 - [MESSAGE][PASSED] - Wait for page load successfully

2018-03-08 15:09:57 - [MESSAGE][PASSED] - Call Test Case 'Test Cases/DashboardFunctions/CreateNewDashboard' successfully

2018-03-08 15:09:57 - [TEST_STEP][PASSED] - callTestCase: Call Test Case 'Test Cases/TabFunctions/CreateNewTab' successfully

2018-03-08 15:09:57 - [TEST_CASE][PASSED] - Test Cases/TabFunctions/CreateNewTab: Test Cases/TabFunctions/CreateNewTab

2018-03-08 15:09:57 - [TEST_STEP][PASSED] - click: Object: 'Object Repository/CreateNewTab/Page_CreateNewTab/span_icon fonticon fonticon-pl' is clicked on

2018-03-08 15:09:57 - [MESSAGE][PASSED] - Object: 'Object Repository/CreateNewTab/Page_CreateNewTab/span_icon fonticon fonticon-pl' is clicked on

2018-03-08 15:09:57 - [TEST_STEP][PASSED] - waitForElementPresent: Object 'Object Repository/CreateNewTab/Page_CreateNewTab/span_New Tab 1' is present

2018-03-08 15:09:58 - [MESSAGE][PASSED] - Object 'Object Repository/CreateNewTab/Page_CreateNewTab/span_New Tab 1' is present

2018-03-08 15:09:58 - [TEST_STEP][PASSED] - click: Object: 'Object Repository/CreateNewTab/Page_CreateNewTab/span_New Tab 1' is clicked on

2018-03-08 15:09:58 - [MESSAGE][PASSED] - Object: 'Object Repository/CreateNewTab/Page_CreateNewTab/span_New Tab 1' is clicked on

2018-03-08 15:09:58 - [TEST_STEP][PASSED] - setText: Text 'City Discover' is set on object 'Object Repository/CreateNewTab/Page_CreateNewTab/input_edit-in-place edit-in-pl'

2018-03-08 15:09:58 - [MESSAGE][PASSED] - Text 'City Discover' is set on object 'Object Repository/CreateNewTab/Page_CreateNewTab/input_edit-in-place edit-in-pl'

2018-03-08 15:09:58 - [TEST_STEP][PASSED] - sendKeys: Keys 'ENTER + ' sent to object: 'Object Repository/CreateNewTab/Page_CreateNewTab/input_edit-in-place edit-in-pl'

2018-03-08 15:09:58 - [MESSAGE][PASSED] - Keys 'ENTER + ' sent to object: 'Object Repository/CreateNewTab/Page_CreateNewTab/input_edit-in-place edit-in-pl'

2018-03-08 15:09:58 - [MESSAGE][PASSED] - Call Test Case 'Test Cases/TabFunctions/CreateNewTab' successfully

2018-03-08 15:09:58 - [TEST_STEP][PASSED] - callTestCase: Call Test Case 'Test Cases/CompassFunctions/SmallCompassWest' successfully

2018-03-08 15:09:58 - [TEST_CASE][PASSED] - Test Cases/CompassFunctions/SmallCompassWest: Test Cases/CompassFunctions/SmallCompassWest

2018-03-08 15:09:58 - [TEST_STEP][PASSED] - verifyImagePresent: Image: 'C:\Users\svc_QATechno\.jenkins\workspace\TechnoQA_R2018x\TechnoQA_R420\Object Repository/SmallCompass/Page_SmallCompass/Compass/west.jpg' is present

2018-03-08 15:09:59 - [MESSAGE][PASSED] - Image: 'C:\Users\svc_QATechno\.jenkins\workspace\TechnoQA_R2018x\TechnoQA_R420\Object Repository/SmallCompass/Page_SmallCompass/Compass/west.jpg' is present

2018-03-08 15:09:59 - [TEST_STEP][PASSED] - clickImage: Image: 'C:\Users\svc_QATechno\.jenkins\workspace\TechnoQA_R2018x\TechnoQA_R420\Object Repository/SmallCompass/Page_SmallCompass/Compass/west.jpg' is clicked on

2018-03-08 15:10:00 - [MESSAGE][PASSED] - Image: 'C:\Users\svc_QATechno\.jenkins\workspace\TechnoQA_R2018x\TechnoQA_R420\Object Repository/SmallCompass/Page_SmallCompass/Compass/west.jpg' is clicked on

2018-03-08 15:10:00 - [TEST_STEP][PASSED] - waitForElementPresent: Object 'Object Repository/SmallCompass/Page_Verification_SmallCompass/span_My 3D Modeling Apps' is present

2018-03-08 15:10:00 - [MESSAGE][PASSED] - Object 'Object Repository/SmallCompass/Page_Verification_SmallCompass/span_My 3D Modeling Apps' is present

2018-03-08 15:10:00 - [TEST_STEP][PASSED] - verifyElementPresent: Object 'Object Repository/SmallCompass/Page_Verification_SmallCompass/span_My 3D Modeling Apps' is present

2018-03-08 15:10:00 - [MESSAGE][WARNING] - Timeout '0' is invalid. Using default page load timeout: '30'

2018-03-08 15:10:00 - [MESSAGE][PASSED] - Object 'Object Repository/SmallCompass/Page_Verification_SmallCompass/span_My 3D Modeling Apps' is present

2018-03-08 15:10:00 - [MESSAGE][PASSED] - Call Test Case 'Test Cases/CompassFunctions/SmallCompassWest' successfully

2018-03-08 15:10:00 - [TEST_STEP][PASSED] - callTestCase: Call Test Case 'Test Cases/Techno_3DCityFunctions/DragDropCityReferentialWidget' successfully

2018-03-08 15:10:00 - [TEST_CASE][PASSED] - Test Cases/Techno_3DCityFunctions/DragDropCityReferentialWidget: Test Cases/Techno_3DCityFunctions/DragDropCityReferentialWidget

2018-03-08 15:10:00 - [TEST_STEP][NOT_RUN] - callTestCase: NOT_RUN: callTestCase

2018-03-08 15:10:00 - [MESSAGE][NOT_RUN] - NOT_RUN: callTestCase

2018-03-08 15:10:00 - [TEST_STEP][NOT_RUN] - callTestCase: NOT_RUN: callTestCase

2018-03-08 15:10:00 - [MESSAGE][NOT_RUN] - NOT_RUN: callTestCase

2018-03-08 15:10:00 - [TEST_STEP][NOT_RUN] - callTestCase: NOT_RUN: callTestCase

2018-03-08 15:10:00 - [MESSAGE][NOT_RUN] - NOT_RUN: callTestCase

2018-03-08 15:10:00 - [TEST_STEP][PASSED] - waitForPageLoad: Wait for page load successfully

2018-03-08 15:10:00 - [MESSAGE][PASSED] - Wait for page load successfully

2018-03-08 15:10:00 - [TEST_STEP][PASSED] - click: Object: 'Object Repository/Techno_3Dcity_DDCityReferential/Page_SearchAppInCompass/div_compass-search-button font' is clicked on

2018-03-08 15:10:00 - [MESSAGE][PASSED] - Object: 'Object Repository/Techno_3Dcity_DDCityReferential/Page_SearchAppInCompass/div_compass-search-button font' is clicked on

2018-03-08 15:10:00 - [TEST_STEP][PASSED] - setText: Text 'city Referential' is set on object 'Object Repository/Techno_3Dcity_DDCityReferential/Page_SearchAppInCompass/input_compass-search-text form'

2018-03-08 15:10:00 - [MESSAGE][PASSED] - Text 'city Referential' is set on object 'Object Repository/Techno_3Dcity_DDCityReferential/Page_SearchAppInCompass/input_compass-search-text form'

2018-03-08 15:10:00 - [TEST_STEP][PASSED] - waitForElementVisible: Object 'Object Repository/Techno_3Dcity_DDCityReferential/Page_SearchAppInCompass/div_settings-img fonticon font' is visible

2018-03-08 15:10:01 - [MESSAGE][PASSED] - Object 'Object Repository/Techno_3Dcity_DDCityReferential/Page_SearchAppInCompass/div_settings-img fonticon font' is visible

2018-03-08 15:10:01 - [TEST_STEP][PASSED] - click: Object: 'Object Repository/Techno_3Dcity_DDCityReferential/Page_SearchAppInCompass/div_settings-img fonticon font' is clicked on

2018-03-08 15:10:01 - [MESSAGE][PASSED] - Object: 'Object Repository/Techno_3Dcity_DDCityReferential/Page_SearchAppInCompass/div_settings-img fonticon font' is clicked on

2018-03-08 15:10:01 - [TEST_STEP][PASSED] - click: Object: 'Object Repository/Techno_3Dcity_DDCityReferential/Page_SearchAppInCompass/span_DS - DSQAL038 euw1' is clicked on

2018-03-08 15:10:01 - [MESSAGE][PASSED] - Object: 'Object Repository/Techno_3Dcity_DDCityReferential/Page_SearchAppInCompass/span_DS - DSQAL038 euw1' is clicked on

2018-03-08 15:10:01 - [TEST_STEP][PASSED] - click: Object: 'Object Repository/Techno_3Dcity_DDCityReferential/Page_CityReferentialWidget/div_wp-tabview-panel' is clicked on

2018-03-08 15:10:01 - [MESSAGE][PASSED] - Object: 'Object Repository/Techno_3Dcity_DDCityReferential/Page_CityReferentialWidget/div_wp-tabview-panel' is clicked on

2018-03-08 15:10:01 - [TEST_STEP][PASSED] - waitForPageLoad: Wait for page load successfully

2018-03-08 15:10:01 - [MESSAGE][PASSED] - Wait for page load successfully

2018-03-08 15:10:01 - [TEST_STEP][PASSED] - waitForElementVisible: Web element with id: 'Object Repository/Techno_3Dcity_DDCityReferential/Page_SearchAppInCompass/div_Success' located by 'By.xpath: id("my-apps-ct")/div[@class="my-apps-panel items-per-line-5 west"]/div[@class="compass-overlay"]/div[@class="compass-overlay-text"][count(. | //div[@class = 'compass-overlay-text' and (text() = 'Success' or . = 'Success')]) = count(//div[@class = 'compass-overlay-text' and (text() = 'Success' or . = 'Success')])]' not found

2018-03-08 15:10:31 - [MESSAGE][WARNING] - Web element with id: 'Object Repository/Techno_3Dcity_DDCityReferential/Page_SearchAppInCompass/div_Success' located by 'By.xpath: id("my-apps-ct")/div[@class="my-apps-panel items-per-line-5 west"]/div[@class="compass-overlay"]/div[@class="compass-overlay-text"][count(. | //div[@class = 'compass-overlay-text' and (text() = 'Success' or . = 'Success')]) = count(//div[@class = 'compass-overlay-text' and (text() = 'Success' or . = 'Success')])]' not found

2018-03-08 15:10:31 - [TEST_STEP][PASSED] - dragAndDropToObject: Dragged object with id 'Object Repository/Techno_3Dcity_DDCityReferential/Page_CityReferentialWidget/li_City Referential' to object with id 'TestObject - 'Object Repository/Techno_3Dcity_DDCityReferential/Page_Test JCN9 auto/div_wp-tabview-panel'' successfully

2018-03-08 15:10:32 - [MESSAGE][PASSED] - Dragged object with id 'Object Repository/Techno_3Dcity_DDCityReferential/Page_CityReferentialWidget/li_City Referential' to object with id 'TestObject - 'Object Repository/Techno_3Dcity_DDCityReferential/Page_Test JCN9 auto/div_wp-tabview-panel'' successfully

2018-03-08 15:10:32 - [TEST_STEP][PASSED] - click: Object: 'Object Repository/Techno_3Dcity_DDCityReferential/Page_SearchAppInCompass/span_fonticon fonticon-resize-' is clicked on

2018-03-08 15:10:33 - [MESSAGE][PASSED] - Object: 'Object Repository/Techno_3Dcity_DDCityReferential/Page_SearchAppInCompass/span_fonticon fonticon-resize-' is clicked on

2018-03-08 15:10:33 - [TEST_STEP][PASSED] - waitForPageLoad: Wait for page load successfully

2018-03-08 15:10:33 - [MESSAGE][PASSED] - Wait for page load successfully

2018-03-08 15:10:33 - [TEST_STEP][NOT_RUN] - callTestCase: NOT_RUN: callTestCase

2018-03-08 15:10:33 - [MESSAGE][NOT_RUN] - NOT_RUN: callTestCase

2018-03-08 15:10:33 - [TEST_STEP][NOT_RUN] - closeBrowser: NOT_RUN: closeBrowser

2018-03-08 15:10:33 - [MESSAGE][NOT_RUN] - NOT_RUN: closeBrowser

2018-03-08 15:10:33 - [MESSAGE][PASSED] - Call Test Case 'Test Cases/Techno_3DCityFunctions/DragDropCityReferentialWidget' successfully

2018-03-08 15:10:33 - [TEST_STEP][PASSED] - callTestCase: Call Test Case 'Test Cases/Logout' successfully

2018-03-08 15:10:33 - [TEST_CASE][PASSED] - Test Cases/Logout: Test Cases/Logout

2018-03-08 15:10:33 - [TEST_STEP][PASSED] - waitForPageLoad: Wait for page load successfully

2018-03-08 15:10:33 - [MESSAGE][PASSED] - Wait for page load successfully

2018-03-08 15:10:33 - [TEST_STEP][PASSED] - click: Object: 'Object Repository/Logout/Page_Logout/div_profile-picture' is clicked on

2018-03-08 15:10:33 - [MESSAGE][PASSED] - Object: 'Object Repository/Logout/Page_Logout/div_profile-picture' is clicked on

2018-03-08 15:10:33 - [TEST_STEP][PASSED] - click: Object: 'Object Repository/Logout/Page_Logout/span_Sign Out' is clicked on

2018-03-08 15:10:34 - [MESSAGE][PASSED] - Object: 'Object Repository/Logout/Page_Logout/span_Sign Out' is clicked on

2018-03-08 15:10:34 - [TEST_STEP][PASSED] - closeBrowser: Browser is closed

2018-03-08 15:10:34 - [MESSAGE][PASSED] - Browser is closed

2018-03-08 15:10:34 - [MESSAGE][PASSED] - Call Test Case 'Test Cases/Logout' successfully]]></system-out>
         <system-err><![CDATA[]]></system-err>
      </testcase>
      <system-out><![CDATA[2018-03-08 15:09:49 - [TEST_SUITE][PASSED] - R2018x_AllScenarioRun: Test Cases/Scenarios/SCN047864 Auto_3DCityCity Referential test]]></system-out>
      <system-err><![CDATA[]]></system-err>
   </testsuite>
</testsuites>
